{"/mnt/889E02029E01E990/DIEGO/Gitlab-repository/SUBWEB/test-uikit-project/src/App.tsx": {"path":"/mnt/889E02029E01E990/DIEGO/Gitlab-repository/SUBWEB/test-uikit-project/src/App.tsx","statementMap":{"0":{"start":{"line":1,"column":0},"end":{"line":1,"column":19}},"1":{"start":{"line":4,"column":2},"end":{"line":6,"column":4}},"2":{"start":{"line":9,"column":0},"end":{"line":9,"column":19}}},"fnMap":{"0":{"name":"App","decl":{"start":{"line":3,"column":9},"end":{"line":3,"column":12}},"loc":{"start":{"line":3,"column":12},"end":{"line":7,"column":1}}}},"branchMap":{},"s":{"0":0,"1":0,"2":0},"f":{"0":0},"b":{}}
,"/mnt/889E02029E01E990/DIEGO/Gitlab-repository/SUBWEB/test-uikit-project/src/main.tsx": {"path":"/mnt/889E02029E01E990/DIEGO/Gitlab-repository/SUBWEB/test-uikit-project/src/main.tsx","statementMap":{"0":{"start":{"line":1,"column":0},"end":{"line":1,"column":25}},"1":{"start":{"line":2,"column":0},"end":{"line":2,"column":39}},"2":{"start":{"line":3,"column":0},"end":{"line":3,"column":27}},"3":{"start":{"line":4,"column":0},"end":{"line":4,"column":20}},"4":{"start":{"line":6,"column":0},"end":{"line":10,"column":null}}},"fnMap":{},"branchMap":{},"s":{"0":0,"1":0,"2":0,"3":0,"4":0},"f":{},"b":{}}
,"/mnt/889E02029E01E990/DIEGO/Gitlab-repository/SUBWEB/test-uikit-project/src/vite-env.d.ts": {"path":"/mnt/889E02029E01E990/DIEGO/Gitlab-repository/SUBWEB/test-uikit-project/src/vite-env.d.ts","statementMap":{},"fnMap":{},"branchMap":{},"s":{},"f":{},"b":{}}
}
